Android Launcher - KISS/app/build/outputs/logs/manifest-merger-debug-report.txt
-- Merging decision tree log ---
manifest
ADDED from src/main/AndroidManifest.xml:2:1-184:12
INJECTED from src/main/AndroidManifest.xml:2:1-184:12
INJECTED from src/main/AndroidManifest.xml:2:1-184:12
INJECTED from src/main/AndroidManifest.xml:2:1-184:12
MERGED from [org.tensorflow:tensorflow-android:1.5.0] AndroidManifest.xml:2:1-8:12
MERGED from [com.android.support.constraint:constraint-layout:1.0.2] AndroidManifest.xml:2:1-11:12
MERGED from [:hiddencamera] AndroidManifest.xml:17:1-30:12
MERGED from [gun0912.ted:tedpermission:2.2.0] AndroidManifest.xml:2:1-17:12
MERGED from [com.android.support:appcompat-v7:27.1.1] AndroidManifest.xml:17:1-22:12
MERGED from [com.android.support:support-fragment:27.1.1] AndroidManifest.xml:17:1-22:12
MERGED from [com.android.support:animated-vector-drawable:27.1.1] AndroidManifest.xml:17:1-22:12
MERGED from [com.android.support:support-core-ui:27.1.1] AndroidManifest.xml:17:1-22:12
MERGED from [com.android.support:support-core-utils:27.1.1] AndroidManifest.xml:17:1-22:12
MERGED from [com.android.support:support-vector-drawable:27.1.1] AndroidManifest.xml:17:1-22:12
MERGED from [com.android.support:support-compat:27.1.1] AndroidManifest.xml:17:1-22:12
MERGED from [:usbSerialForAndroid] AndroidManifest.xml:2:1-11:12
MERGED from [android.arch.lifecycle:runtime:1.1.0] AndroidManifest.xml:17:1-22:12
MERGED from [android.arch.lifecycle:livedata-core:1.1.0] AndroidManifest.xml:17:1-22:12
MERGED from [android.arch.core:runtime:1.1.0] AndroidManifest.xml:17:1-22:12
MERGED from [android.arch.lifecycle:viewmodel:1.1.0] AndroidManifest.xml:17:1-22:12
INJECTED from src/main/AndroidManifest.xml:2:1-184:12
INJECTED from src/main/AndroidManifest.xml:2:1-184:12
INJECTED from src/main/AndroidManifest.xml:2:1-184:12
	package
		ADDED from src/main/AndroidManifest.xml:4:5-29
		INJECTED from src/main/AndroidManifest.xml
		INJECTED from src/main/AndroidManifest.xml
	android:versionName
		INJECTED from src/main/AndroidManifest.xml
		ADDED from src/main/AndroidManifest.xml:2:1-184:12
		INJECTED from src/main/AndroidManifest.xml
	xmlns:tools
		ADDED from src/main/AndroidManifest.xml:3:5-51
	android:versionCode
		INJECTED from src/main/AndroidManifest.xml
		ADDED from src/main/AndroidManifest.xml:2:1-184:12
		INJECTED from src/main/AndroidManifest.xml
	xmlns:android
		ADDED from src/main/AndroidManifest.xml:2:11-69
permission#com.android.launcher.permission.INSTALL_SHORTCUT
ADDED from src/main/AndroidManifest.xml:6:5-9:44
	android:protectionLevel
		ADDED from src/main/AndroidManifest.xml:9:9-41
	android:permissionGroup
		ADDED from src/main/AndroidManifest.xml:8:9-72
	android:name
		ADDED from src/main/AndroidManifest.xml:7:9-72
permission#com.android.launcher.permission.UNINSTALL_SHORTCUT
ADDED from src/main/AndroidManifest.xml:10:5-13:44
	android:protectionLevel
		ADDED from src/main/AndroidManifest.xml:13:9-41
	android:permissionGroup
		ADDED from src/main/AndroidManifest.xml:12:9-72
	android:name
		ADDED from src/main/AndroidManifest.xml:11:9-74
uses-permission#android.permission.SYSTEM_ALERT_WINDOW
ADDED from src/main/AndroidManifest.xml:17:5-78
	android:name
		ADDED from src/main/AndroidManifest.xml:17:22-75
uses-permission#android.permission.WRITE_EXTERNAL_STORAGE
ADDED from src/main/AndroidManifest.xml:18:5-81
	android:name
		ADDED from src/main/AndroidManifest.xml:18:22-78
uses-permission#android.permission.READ_EXTERNAL_STORAGE
ADDED from src/main/AndroidManifest.xml:19:5-80
	android:name
		ADDED from src/main/AndroidManifest.xml:19:22-77
uses-permission#android.permission.ACCESS_FINE_LOCATION
ADDED from src/main/AndroidManifest.xml:20:5-79
	android:name
		ADDED from src/main/AndroidManifest.xml:20:22-76
uses-permission#android.permission.INTERNET
ADDED from src/main/AndroidManifest.xml:21:5-67
	android:name
		ADDED from src/main/AndroidManifest.xml:21:22-64
uses-permission#android.permission.READ_CONTACTS
ADDED from src/main/AndroidManifest.xml:22:5-72
	android:name
		ADDED from src/main/AndroidManifest.xml:22:22-69
uses-permission#android.permission.CALL_PHONE
ADDED from src/main/AndroidManifest.xml:24:5-69
	android:name
		ADDED from src/main/AndroidManifest.xml:24:22-66
uses-permission#android.permission.RECEIVE_SMS
ADDED from src/main/AndroidManifest.xml:26:5-70
	android:name
		ADDED from src/main/AndroidManifest.xml:26:22-67
uses-permission#android.permission.READ_PHONE_STATE
ADDED from src/main/AndroidManifest.xml:28:5-75
	android:name
		ADDED from src/main/AndroidManifest.xml:28:22-72
uses-feature#android.hardware.telephony
ADDED from src/main/AndroidManifest.xml:30:5-32:36
	android:required
		ADDED from src/main/AndroidManifest.xml:32:9-33
	android:name
		ADDED from src/main/AndroidManifest.xml:31:9-50
uses-feature#android.hardware.bluetooth
ADDED from src/main/AndroidManifest.xml:33:5-35:36
	android:required
		ADDED from src/main/AndroidManifest.xml:35:9-33
	android:name
		ADDED from src/main/AndroidManifest.xml:34:9-50
uses-feature#android.hardware.wifi
ADDED from src/main/AndroidManifest.xml:36:5-38:36
	android:required
		ADDED from src/main/AndroidManifest.xml:38:9-33
	android:name
		ADDED from src/main/AndroidManifest.xml:37:9-45
uses-feature#android.hardware.nfc
ADDED from src/main/AndroidManifest.xml:39:5-41:36
	android:required
		ADDED from src/main/AndroidManifest.xml:41:9-33
	android:name
		ADDED from src/main/AndroidManifest.xml:40:9-44
application
ADDED from src/main/AndroidManifest.xml:43:5-182:19
MERGED from [org.tensorflow:tensorflow-android:1.5.0] AndroidManifest.xml:5:5-6:19
MERGED from [org.tensorflow:tensorflow-android:1.5.0] AndroidManifest.xml:5:5-6:19
MERGED from [com.android.support.constraint:constraint-layout:1.0.2] AndroidManifest.xml:9:5-20
MERGED from [com.android.support.constraint:constraint-layout:1.0.2] AndroidManifest.xml:9:5-20
MERGED from [:hiddencamera] AndroidManifest.xml:26:5-28:38
MERGED from [:hiddencamera] AndroidManifest.xml:26:5-28:38
MERGED from [gun0912.ted:tedpermission:2.2.0] AndroidManifest.xml:9:5-15:19
MERGED from [gun0912.ted:tedpermission:2.2.0] AndroidManifest.xml:9:5-15:19
	android:supportsRtl
		ADDED from [:hiddencamera] AndroidManifest.xml:28:9-35
	android:label
		ADDED from src/main/AndroidManifest.xml:48:9-41
	android:hardwareAccelerated
		ADDED from src/main/AndroidManifest.xml:46:9-43
	tools:ignore
		ADDED from src/main/AndroidManifest.xml:50:9-48
	android:icon
		ADDED from src/main/AndroidManifest.xml:47:9-45
	android:allowBackup
		ADDED from src/main/AndroidManifest.xml:45:9-35
	android:theme
		ADDED from src/main/AndroidManifest.xml:49:9-45
	android:name
		ADDED from src/main/AndroidManifest.xml:44:9-40
meta-data#android.max_aspect
ADDED from src/main/AndroidManifest.xml:53:9-55:35
	android:value
		ADDED from src/main/AndroidManifest.xml:55:13-32
	android:name
		ADDED from src/main/AndroidManifest.xml:54:13-46
activity#fr.neamar.kiss.MainActivity
ADDED from src/main/AndroidManifest.xml:63:9-95:20
	android:screenOrientation
		ADDED from src/main/AndroidManifest.xml:69:13-45
	android:clearTaskOnLaunch
		ADDED from src/main/AndroidManifest.xml:65:13-45
	android:stateNotNeeded
		ADDED from src/main/AndroidManifest.xml:70:13-42
	android:label
		ADDED from src/main/AndroidManifest.xml:67:13-45
	android:excludeFromRecents
		ADDED from src/main/AndroidManifest.xml:66:13-46
	android:launchMode
		ADDED from src/main/AndroidManifest.xml:68:13-44
	android:windowSoftInputMode
		ADDED from src/main/AndroidManifest.xml:71:13-73
	android:name
		ADDED from src/main/AndroidManifest.xml:64:13-41
intent-filter#action:name:android.intent.action.MAIN+category:name:android.intent.category.DEFAULT+category:name:android.intent.category.HOME+category:name:android.intent.category.LAUNCHER
ADDED from src/main/AndroidManifest.xml:72:13-78:29
action#android.intent.action.MAIN
ADDED from src/main/AndroidManifest.xml:73:17-69
	android:name
		ADDED from src/main/AndroidManifest.xml:73:25-66
category#android.intent.category.LAUNCHER
ADDED from src/main/AndroidManifest.xml:75:17-77
	android:name
		ADDED from src/main/AndroidManifest.xml:75:27-74
category#android.intent.category.HOME
ADDED from src/main/AndroidManifest.xml:76:17-73
	android:name
		ADDED from src/main/AndroidManifest.xml:76:27-70
category#android.intent.category.DEFAULT
ADDED from src/main/AndroidManifest.xml:77:17-76
	android:name
		ADDED from src/main/AndroidManifest.xml:77:27-73
intent-filter#action:name:android.intent.action.ASSIST+category:name:android.intent.category.DEFAULT
ADDED from src/main/AndroidManifest.xml:79:13-83:29
action#android.intent.action.ASSIST
ADDED from src/main/AndroidManifest.xml:80:17-71
	android:name
		ADDED from src/main/AndroidManifest.xml:80:25-68
meta-data#com.android.systemui.action_assist_icon
ADDED from src/main/AndroidManifest.xml:85:13-87:60
	android:resource
		ADDED from src/main/AndroidManifest.xml:87:17-57
	android:name
		ADDED from src/main/AndroidManifest.xml:86:17-71
intent-filter#action:name:android.hardware.usb.action.USB_DEVICE_ATTACHED
ADDED from src/main/AndroidManifest.xml:89:13-91:29
action#android.hardware.usb.action.USB_DEVICE_ATTACHED
ADDED from src/main/AndroidManifest.xml:90:17-90
	android:name
		ADDED from src/main/AndroidManifest.xml:90:25-87
meta-data#android.hardware.usb.action.USB_DEVICE_ATTACHED
ADDED from src/main/AndroidManifest.xml:92:13-94:57
	android:resource
		ADDED from src/main/AndroidManifest.xml:94:17-54
	android:name
		ADDED from src/main/AndroidManifest.xml:93:17-79
activity#fr.neamar.kiss.DummyActivity
ADDED from src/main/AndroidManifest.xml:96:9-105:20
	android:enabled
		ADDED from src/main/AndroidManifest.xml:98:13-36
	android:name
		ADDED from src/main/AndroidManifest.xml:97:13-42
intent-filter#action:name:android.intent.action.MAIN+category:name:android.intent.category.DEFAULT+category:name:android.intent.category.HOME
ADDED from src/main/AndroidManifest.xml:99:13-104:29
activity#fr.neamar.kiss.SettingsActivity
ADDED from src/main/AndroidManifest.xml:106:9-109:51
	android:label
		ADDED from src/main/AndroidManifest.xml:108:13-53
	android:theme
		ADDED from src/main/AndroidManifest.xml:109:13-48
	android:name
		ADDED from src/main/AndroidManifest.xml:107:13-45
receiver#fr.neamar.kiss.broadcast.PackageAddedRemovedHandler
ADDED from src/main/AndroidManifest.xml:112:9-124:20
	android:name
		ADDED from src/main/AndroidManifest.xml:112:19-71
intent-filter#action:name:android.intent.action.ACTION_MEDIA_MOUNTED+action:name:android.intent.action.ACTION_MEDIA_REMOVED+action:name:android.intent.action.MEDIA_MOUNTED+action:name:android.intent.action.MEDIA_REMOVED+action:name:android.intent.action.PACKAGE_ADDED+action:name:android.intent.action.PACKAGE_REMOVED+data:scheme:file+data:scheme:package
ADDED from src/main/AndroidManifest.xml:113:13-123:29
action#android.intent.action.PACKAGE_ADDED
ADDED from src/main/AndroidManifest.xml:114:17-78
	android:name
		ADDED from src/main/AndroidManifest.xml:114:25-75
action#android.intent.action.PACKAGE_REMOVED
ADDED from src/main/AndroidManifest.xml:115:17-80
	android:name
		ADDED from src/main/AndroidManifest.xml:115:25-77
action#android.intent.action.MEDIA_MOUNTED
ADDED from src/main/AndroidManifest.xml:116:17-78
	android:name
		ADDED from src/main/AndroidManifest.xml:116:25-75
action#android.intent.action.MEDIA_REMOVED
ADDED from src/main/AndroidManifest.xml:117:17-78
	android:name
		ADDED from src/main/AndroidManifest.xml:117:25-75
action#android.intent.action.ACTION_MEDIA_MOUNTED
ADDED from src/main/AndroidManifest.xml:118:17-85
	android:name
		ADDED from src/main/AndroidManifest.xml:118:25-82
action#android.intent.action.ACTION_MEDIA_REMOVED
ADDED from src/main/AndroidManifest.xml:119:17-85
	android:name
		ADDED from src/main/AndroidManifest.xml:119:25-82
data
ADDED from src/main/AndroidManifest.xml:121:17-47
	android:scheme
		ADDED from src/main/AndroidManifest.xml:121:23-44
receiver#fr.neamar.kiss.broadcast.LocaleChangedReceiver
ADDED from src/main/AndroidManifest.xml:125:9-132:20
	android:enabled
		ADDED from src/main/AndroidManifest.xml:127:13-35
	android:exported
		ADDED from src/main/AndroidManifest.xml:128:13-36
	android:name
		ADDED from src/main/AndroidManifest.xml:126:13-60
intent-filter#action:name:android.intent.action.LOCALE_CHANGED
ADDED from src/main/AndroidManifest.xml:129:13-131:29
action#android.intent.action.LOCALE_CHANGED
ADDED from src/main/AndroidManifest.xml:130:17-79
	android:name
		ADDED from src/main/AndroidManifest.xml:130:25-76
receiver#fr.neamar.kiss.broadcast.IncomingSmsHandler
ADDED from src/main/AndroidManifest.xml:135:9-142:20
	android:enabled
		ADDED from src/main/AndroidManifest.xml:137:13-36
	tools:ignore
		ADDED from src/main/AndroidManifest.xml:138:13-59
	android:name
		ADDED from src/main/AndroidManifest.xml:136:13-57
intent-filter#action:name:android.provider.Telephony.SMS_RECEIVED
ADDED from src/main/AndroidManifest.xml:139:13-141:29
action#android.provider.Telephony.SMS_RECEIVED
ADDED from src/main/AndroidManifest.xml:140:17-82
	android:name
		ADDED from src/main/AndroidManifest.xml:140:25-79
receiver#fr.neamar.kiss.broadcast.IncomingCallHandler
ADDED from src/main/AndroidManifest.xml:145:9-151:20
	android:enabled
		ADDED from src/main/AndroidManifest.xml:147:13-36
	android:name
		ADDED from src/main/AndroidManifest.xml:146:13-58
intent-filter#action:name:android.intent.action.PHONE_STATE
ADDED from src/main/AndroidManifest.xml:148:13-150:29
action#android.intent.action.PHONE_STATE
ADDED from src/main/AndroidManifest.xml:149:17-76
	android:name
		ADDED from src/main/AndroidManifest.xml:149:25-73
receiver#fr.neamar.kiss.broadcast.InstallShortcutHandler
ADDED from src/main/AndroidManifest.xml:154:9-160:20
	android:permission
		ADDED from src/main/AndroidManifest.xml:156:13-82
	android:name
		ADDED from src/main/AndroidManifest.xml:155:13-61
intent-filter#action:name:com.android.launcher.action.INSTALL_SHORTCUT
ADDED from src/main/AndroidManifest.xml:157:13-159:29
action#com.android.launcher.action.INSTALL_SHORTCUT
ADDED from src/main/AndroidManifest.xml:158:17-87
	android:name
		ADDED from src/main/AndroidManifest.xml:158:25-84
receiver#fr.neamar.kiss.broadcast.UninstallShortcutHandler
ADDED from src/main/AndroidManifest.xml:161:9-167:20
	android:permission
		ADDED from src/main/AndroidManifest.xml:163:13-84
	android:name
		ADDED from src/main/AndroidManifest.xml:162:13-63
intent-filter#action:name:com.android.launcher.action.UNINSTALL_SHORTCUT
ADDED from src/main/AndroidManifest.xml:164:13-166:29
action#com.android.launcher.action.UNINSTALL_SHORTCUT
ADDED from src/main/AndroidManifest.xml:165:17-89
	android:name
		ADDED from src/main/AndroidManifest.xml:165:25-86
service#fr.neamar.kiss.dataprovider.AppProvider
ADDED from src/main/AndroidManifest.xml:169:9-61
	android:name
		ADDED from src/main/AndroidManifest.xml:169:18-58
service#fr.neamar.kiss.dataprovider.ContactsProvider
ADDED from src/main/AndroidManifest.xml:170:9-66
	android:name
		ADDED from src/main/AndroidManifest.xml:170:18-63
service#fr.neamar.kiss.dataprovider.PhoneProvider
ADDED from src/main/AndroidManifest.xml:171:9-63
	android:name
		ADDED from src/main/AndroidManifest.xml:171:18-60
service#fr.neamar.kiss.dataprovider.SearchProvider
ADDED from src/main/AndroidManifest.xml:172:9-64
	android:name
		ADDED from src/main/AndroidManifest.xml:172:18-61
service#fr.neamar.kiss.dataprovider.SettingsProvider
ADDED from src/main/AndroidManifest.xml:173:9-66
	android:name
		ADDED from src/main/AndroidManifest.xml:173:18-63
service#fr.neamar.kiss.dataprovider.ShortcutsProvider
ADDED from src/main/AndroidManifest.xml:174:9-67
	android:name
		ADDED from src/main/AndroidManifest.xml:174:18-64
service#fr.neamar.kiss.services.DemoCamService
ADDED from src/main/AndroidManifest.xml:175:9-59
	android:name
		ADDED from src/main/AndroidManifest.xml:175:18-57
service#fr.neamar.kiss.services.SpeedTracker
ADDED from src/main/AndroidManifest.xml:176:9-179:47
	android:enabled
		ADDED from src/main/AndroidManifest.xml:178:13-35
	android:exported
		ADDED from src/main/AndroidManifest.xml:179:13-36
	android:name
		ADDED from src/main/AndroidManifest.xml:177:13-50
uses-sdk
INJECTED from src/main/AndroidManifest.xml reason: use-sdk injection requested
INJECTED from src/main/AndroidManifest.xml
INJECTED from src/main/AndroidManifest.xml
MERGED from [com.android.support.constraint:constraint-layout:1.0.2] AndroidManifest.xml:5:5-7:41
MERGED from [com.android.support.constraint:constraint-layout:1.0.2] AndroidManifest.xml:5:5-7:41
MERGED from [:hiddencamera] AndroidManifest.xml:20:5-22:41
MERGED from [:hiddencamera] AndroidManifest.xml:20:5-22:41
MERGED from [gun0912.ted:tedpermission:2.2.0] AndroidManifest.xml:5:5-7:41
MERGED from [gun0912.ted:tedpermission:2.2.0] AndroidManifest.xml:5:5-7:41
MERGED from [com.android.support:appcompat-v7:27.1.1] AndroidManifest.xml:20:5-44
MERGED from [com.android.support:appcompat-v7:27.1.1] AndroidManifest.xml:20:5-44
MERGED from [com.android.support:support-fragment:27.1.1] AndroidManifest.xml:20:5-44
MERGED from [com.android.support:support-fragment:27.1.1] AndroidManifest.xml:20:5-44
MERGED from [com.android.support:animated-vector-drawable:27.1.1] AndroidManifest.xml:20:5-44
MERGED from [com.android.support:animated-vector-drawable:27.1.1] AndroidManifest.xml:20:5-44
MERGED from [com.android.support:support-core-ui:27.1.1] AndroidManifest.xml:20:5-44
MERGED from [com.android.support:support-core-ui:27.1.1] AndroidManifest.xml:20:5-44
MERGED from [com.android.support:support-core-utils:27.1.1] AndroidManifest.xml:20:5-44
MERGED from [com.android.support:support-core-utils:27.1.1] AndroidManifest.xml:20:5-44
MERGED from [com.android.support:support-vector-drawable:27.1.1] AndroidManifest.xml:20:5-44
MERGED from [com.android.support:support-vector-drawable:27.1.1] AndroidManifest.xml:20:5-44
MERGED from [com.android.support:support-compat:27.1.1] AndroidManifest.xml:20:5-44
MERGED from [com.android.support:support-compat:27.1.1] AndroidManifest.xml:20:5-44
MERGED from [:usbSerialForAndroid] AndroidManifest.xml:7:5-9:41
MERGED from [:usbSerialForAndroid] AndroidManifest.xml:7:5-9:41
MERGED from [android.arch.lifecycle:runtime:1.1.0] AndroidManifest.xml:20:5-44
MERGED from [android.arch.lifecycle:runtime:1.1.0] AndroidManifest.xml:20:5-44
MERGED from [android.arch.lifecycle:livedata-core:1.1.0] AndroidManifest.xml:20:5-44
MERGED from [android.arch.lifecycle:livedata-core:1.1.0] AndroidManifest.xml:20:5-44
MERGED from [android.arch.core:runtime:1.1.0] AndroidManifest.xml:20:5-44
MERGED from [android.arch.core:runtime:1.1.0] AndroidManifest.xml:20:5-44
MERGED from [android.arch.lifecycle:viewmodel:1.1.0] AndroidManifest.xml:20:5-44
MERGED from [android.arch.lifecycle:viewmodel:1.1.0] AndroidManifest.xml:20:5-44
INJECTED from src/main/AndroidManifest.xml
INJECTED from src/main/AndroidManifest.xml
	android:targetSdkVersion
		INJECTED from src/main/AndroidManifest.xml
		ADDED from src/main/AndroidManifest.xml
		INJECTED from src/main/AndroidManifest.xml
	android:minSdkVersion
		INJECTED from src/main/AndroidManifest.xml
		ADDED from src/main/AndroidManifest.xml
		INJECTED from src/main/AndroidManifest.xml
uses-permission#android.permission.CAMERA
ADDED from [:hiddencamera] AndroidManifest.xml:24:5-65
	android:name
		ADDED from [:hiddencamera] AndroidManifest.xml:24:22-62
activity#com.gun0912.tedpermission.TedPermissionActivity
ADDED from [gun0912.ted:tedpermission:2.2.0] AndroidManifest.xml:10:9-14:67
	android:screenOrientation
		ADDED from [gun0912.ted:tedpermission:2.2.0] AndroidManifest.xml:13:13-52
	android:configChanges
		ADDED from [gun0912.ted:tedpermission:2.2.0] AndroidManifest.xml:12:13-144
	android:theme
		ADDED from [gun0912.ted:tedpermission:2.2.0] AndroidManifest.xml:14:13-64
	android:name
		ADDED from [gun0912.ted:tedpermission:2.2.0] AndroidManifest.xml:11:13-75